  [1m[35m (145.7ms)[0m  [1m[35mCREATE TABLE "schema_migrations" ("version" varchar NOT NULL PRIMARY KEY)[0m
  [1m[35m (78.0ms)[0m  [1m[35mCREATE TABLE "ar_internal_metadata" ("key" varchar NOT NULL PRIMARY KEY, "value" varchar, "created_at" datetime NOT NULL, "updated_at" datetime NOT NULL)[0m
  [1m[36mActiveRecord::SchemaMigration Load (0.0ms)[0m  [1m[34mSELECT "schema_migrations".* FROM "schema_migrations"[0m
Migrating to DeviseCreateUsers (20170404063712)
  [1m[35m (0.0ms)[0m  [1m[36mbegin transaction[0m
  [1m[35m (1.5ms)[0m  [1m[35mCREATE TABLE "users" ("id" INTEGER PRIMARY KEY AUTOINCREMENT NOT NULL, "email" varchar DEFAULT '' NOT NULL, "encrypted_password" varchar DEFAULT '' NOT NULL, "reset_password_token" varchar, "reset_password_sent_at" datetime, "remember_created_at" datetime, "sign_in_count" integer DEFAULT 0 NOT NULL, "current_sign_in_at" datetime, "last_sign_in_at" datetime, "current_sign_in_ip" varchar, "last_sign_in_ip" varchar, "created_at" datetime NOT NULL, "updated_at" datetime NOT NULL)[0m
  [1m[35m (0.0ms)[0m  [1m[34mselect sqlite_version(*)[0m
  [1m[35m (1.5ms)[0m  [1m[35mCREATE UNIQUE INDEX "index_users_on_email" ON "users" ("email")[0m
  [1m[35m (0.0ms)[0m  [1m[34m            SELECT sql
            FROM sqlite_master
            WHERE name='index_users_on_email' AND type='index'
            UNION ALL
            SELECT sql
            FROM sqlite_temp_master
            WHERE name='index_users_on_email' AND type='index'
[0m
  [1m[35m (0.5ms)[0m  [1m[35mCREATE UNIQUE INDEX "index_users_on_reset_password_token" ON "users" ("reset_password_token")[0m
  [1m[35mSQL (0.5ms)[0m  [1m[32mINSERT INTO "schema_migrations" ("version") VALUES (?)[0m  [["version", "20170404063712"]]
  [1m[35m (100.7ms)[0m  [1m[36mcommit transaction[0m
  [1m[36mActiveRecord::InternalMetadata Load (0.5ms)[0m  [1m[34mSELECT  "ar_internal_metadata".* FROM "ar_internal_metadata" WHERE "ar_internal_metadata"."key" = ? LIMIT ?[0m  [["key", :environment], ["LIMIT", 1]]
  [1m[35m (0.0ms)[0m  [1m[36mbegin transaction[0m
  [1m[35mSQL (1.6ms)[0m  [1m[32mINSERT INTO "ar_internal_metadata" ("key", "value", "created_at", "updated_at") VALUES (?, ?, ?, ?)[0m  [["key", "environment"], ["value", "development"], ["created_at", 2017-04-04 06:37:20 UTC], ["updated_at", 2017-04-04 06:37:20 UTC]]
  [1m[35m (66.1ms)[0m  [1m[36mcommit transaction[0m
  [1m[36mActiveRecord::SchemaMigration Load (0.0ms)[0m  [1m[34mSELECT "schema_migrations".* FROM "schema_migrations"[0m
  [1m[35m (0.0ms)[0m  [1m[34m            SELECT sql
            FROM sqlite_master
            WHERE name='index_users_on_reset_password_token' AND type='index'
            UNION ALL
            SELECT sql
            FROM sqlite_temp_master
            WHERE name='index_users_on_reset_password_token' AND type='index'
[0m
  [1m[35m (0.0ms)[0m  [1m[34m            SELECT sql
            FROM sqlite_master
            WHERE name='index_users_on_email' AND type='index'
            UNION ALL
            SELECT sql
            FROM sqlite_temp_master
            WHERE name='index_users_on_email' AND type='index'
[0m
Started GET "/users/sign_up" for ::1 at 2017-04-04 14:38:15 +0800
  [1m[36mActiveRecord::SchemaMigration Load (0.0ms)[0m  [1m[34mSELECT "schema_migrations".* FROM "schema_migrations"[0m
Processing by Devise::RegistrationsController#new as HTML
  Rendering D:/Ruby23/lib/ruby/gems/2.3.0/gems/devise-4.2.1/app/views/devise/registrations/new.html.erb within layouts/application
  Rendered D:/Ruby23/lib/ruby/gems/2.3.0/gems/devise-4.2.1/app/views/devise/shared/_links.html.erb (1.0ms)
  Rendered D:/Ruby23/lib/ruby/gems/2.3.0/gems/devise-4.2.1/app/views/devise/registrations/new.html.erb within layouts/application (73.8ms)
Completed 200 OK in 1235ms (Views: 1211.5ms | ActiveRecord: 1.0ms)


Started GET "/users/sign_in" for ::1 at 2017-04-04 14:38:57 +0800
Processing by Devise::SessionsController#new as HTML
  Rendering D:/Ruby23/lib/ruby/gems/2.3.0/gems/devise-4.2.1/app/views/devise/sessions/new.html.erb within layouts/application
  Rendered D:/Ruby23/lib/ruby/gems/2.3.0/gems/devise-4.2.1/app/views/devise/shared/_links.html.erb (1.6ms)
  Rendered D:/Ruby23/lib/ruby/gems/2.3.0/gems/devise-4.2.1/app/views/devise/sessions/new.html.erb within layouts/application (49.6ms)
Completed 200 OK in 242ms (Views: 237.7ms | ActiveRecord: 0.0ms)


Started GET "/users/sign_up" for ::1 at 2017-04-04 14:39:10 +0800
Processing by Devise::RegistrationsController#new as HTML
  Rendering D:/Ruby23/lib/ruby/gems/2.3.0/gems/devise-4.2.1/app/views/devise/registrations/new.html.erb within layouts/application
  Rendered D:/Ruby23/lib/ruby/gems/2.3.0/gems/devise-4.2.1/app/views/devise/shared/_links.html.erb (0.5ms)
  Rendered D:/Ruby23/lib/ruby/gems/2.3.0/gems/devise-4.2.1/app/views/devise/registrations/new.html.erb within layouts/application (42.1ms)
Completed 200 OK in 215ms (Views: 213.2ms | ActiveRecord: 0.0ms)


Started POST "/users" for ::1 at 2017-04-04 14:39:25 +0800
Processing by Devise::RegistrationsController#create as HTML
  Parameters: {"utf8"=>"✓", "authenticity_token"=>"fs5fFvurfvzz491TtNptuo+PvFf+mtzdwJncZ/MFFbtihT/Wd2XhYLltO45WsBCLEXdAfGLOHPfOyS0ePj/FpA==", "user"=>{"email"=>"someemail@example.com", "password"=>"[FILTERED]", "password_confirmation"=>"[FILTERED]"}, "commit"=>"Sign up"}
  [1m[35m (0.5ms)[0m  [1m[36mbegin transaction[0m
  [1m[36mUser Exists (0.0ms)[0m  [1m[34mSELECT  1 AS one FROM "users" WHERE "users"."email" = ? LIMIT ?[0m  [["email", "someemail@example.com"], ["LIMIT", 1]]
  [1m[35mSQL (1.8ms)[0m  [1m[32mINSERT INTO "users" ("email", "encrypted_password", "created_at", "updated_at") VALUES (?, ?, ?, ?)[0m  [["email", "someemail@example.com"], ["encrypted_password", "$2a$11$OFSfJz7V7V8cGqS38QAtfuklOmtvfy1L5etN1Z2dC8yu5YvGof1.2"], ["created_at", 2017-04-04 06:39:25 UTC], ["updated_at", 2017-04-04 06:39:25 UTC]]
  [1m[35m (81.7ms)[0m  [1m[36mcommit transaction[0m
  [1m[35m (0.0ms)[0m  [1m[36mbegin transaction[0m
  [1m[35mSQL (2.0ms)[0m  [1m[33mUPDATE "users" SET "sign_in_count" = ?, "current_sign_in_at" = ?, "last_sign_in_at" = ?, "current_sign_in_ip" = ?, "last_sign_in_ip" = ?, "updated_at" = ? WHERE "users"."id" = ?[0m  [["sign_in_count", 1], ["current_sign_in_at", 2017-04-04 06:39:26 UTC], ["last_sign_in_at", 2017-04-04 06:39:26 UTC], ["current_sign_in_ip", "::1"], ["last_sign_in_ip", "::1"], ["updated_at", 2017-04-04 06:39:26 UTC], ["id", 1]]
  [1m[35m (84.7ms)[0m  [1m[36mcommit transaction[0m
Redirected to http://localhost:3000/
Completed 302 Found in 545ms (ActiveRecord: 170.7ms)


Started GET "/" for ::1 at 2017-04-04 14:39:26 +0800
Processing by Rails::WelcomeController#index as HTML
  Parameters: {"internal"=>true}
  Rendering D:/Ruby23/lib/ruby/gems/2.3.0/gems/railties-5.0.2/lib/rails/templates/rails/welcome/index.html.erb
  Rendered D:/Ruby23/lib/ruby/gems/2.3.0/gems/railties-5.0.2/lib/rails/templates/rails/welcome/index.html.erb (3.5ms)
Completed 200 OK in 55ms (Views: 27.9ms | ActiveRecord: 0.0ms)


Started GET "/auth/landing" for ::1 at 2017-04-04 14:45:44 +0800
Processing by AuthController#landing as HTML
  Rendering auth/landing.html.erb within layouts/application
  Rendered auth/landing.html.erb within layouts/application (1.0ms)
  [1m[36mUser Load (0.5ms)[0m  [1m[34mSELECT  "users".* FROM "users" WHERE "users"."id" = ? ORDER BY "users"."id" ASC LIMIT ?[0m  [["id", 1], ["LIMIT", 1]]
Completed 200 OK in 190ms (Views: 160.8ms | ActiveRecord: 0.5ms)


Started GET "/auth/dashboard" for ::1 at 2017-04-04 14:46:24 +0800
Processing by AuthController#dashboard as HTML
  Rendering auth/dashboard.html.erb within layouts/application
  Rendered auth/dashboard.html.erb within layouts/application (0.5ms)
  [1m[36mUser Load (1.0ms)[0m  [1m[34mSELECT  "users".* FROM "users" WHERE "users"."id" = ? ORDER BY "users"."id" ASC LIMIT ?[0m  [["id", 1], ["LIMIT", 1]]
Completed 200 OK in 194ms (Views: 159.9ms | ActiveRecord: 1.0ms)


Started GET "/auth/dashboard" for ::1 at 2017-04-04 14:47:29 +0800
Processing by AuthController#dashboard as HTML
  Rendering auth/dashboard.html.erb within layouts/application
  Rendered auth/dashboard.html.erb within layouts/application (0.5ms)
  [1m[36mUser Load (0.5ms)[0m  [1m[34mSELECT  "users".* FROM "users" WHERE "users"."id" = ? ORDER BY "users"."id" ASC LIMIT ?[0m  [["id", 1], ["LIMIT", 1]]
Completed 200 OK in 130ms (Views: 112.6ms | ActiveRecord: 0.5ms)


Started DELETE "/users/sign_out" for ::1 at 2017-04-04 14:47:31 +0800
Processing by Devise::SessionsController#destroy as HTML
  Parameters: {"authenticity_token"=>"/nUMtf9w24JylDiMeSuKRHT672wFUCaXUMsJQIoE5rPTaEV/defDK1Z75DjT84ps/kUw4zGM8d13h631gYpaLw=="}
  [1m[36mUser Load (1.0ms)[0m  [1m[34mSELECT  "users".* FROM "users" WHERE "users"."id" = ? ORDER BY "users"."id" ASC LIMIT ?[0m  [["id", 1], ["LIMIT", 1]]
  [1m[35m (0.5ms)[0m  [1m[36mbegin transaction[0m
  [1m[35m (0.5ms)[0m  [1m[36mcommit transaction[0m
Redirected to http://localhost:3000/
Completed 302 Found in 12ms (ActiveRecord: 2.0ms)


Started GET "/" for ::1 at 2017-04-04 14:47:31 +0800
Processing by Rails::WelcomeController#index as HTML
  Parameters: {"internal"=>true}
  Rendering D:/Ruby23/lib/ruby/gems/2.3.0/gems/railties-5.0.2/lib/rails/templates/rails/welcome/index.html.erb
  Rendered D:/Ruby23/lib/ruby/gems/2.3.0/gems/railties-5.0.2/lib/rails/templates/rails/welcome/index.html.erb (3.0ms)
Completed 200 OK in 61ms (Views: 30.9ms | ActiveRecord: 0.0ms)


Started GET "/auth/dashboard" for ::1 at 2017-04-04 14:47:34 +0800
Processing by AuthController#dashboard as HTML
  Rendering auth/dashboard.html.erb within layouts/application
  Rendered auth/dashboard.html.erb within layouts/application (1.0ms)
Completed 500 Internal Server Error in 342ms (ActiveRecord: 0.0ms)


  
ActionView::Template::Error (undefined local variable or method `new_user_regislation_path' for #<#<Class:0x9b7b598>:0x9923dc0>
Did you mean?  new_user_registration_path
               new_user_registration_url
               new_registration_path
               new_user_session_path):
    14:   			Logged in as <%= current_user.email %>
    15:   			<%= link_to "Logout", destroy_user_session_path, method: :delete %>
    16:   		<% else %>
    17:   			<%=link_to "Sign up", new_user_regislation_path %>
    18:   			<%= link_to "Login", new_user_session_path%>
    19:   		<% end %>
    20:   	</header>
  
app/views/layouts/application.html.erb:17:in `_app_views_layouts_application_html_erb___765034305_80284224'
  Rendering D:/Ruby23/lib/ruby/gems/2.3.0/gems/actionpack-5.0.2/lib/action_dispatch/middleware/templates/rescues/template_error.html.erb within rescues/layout
  Rendering D:/Ruby23/lib/ruby/gems/2.3.0/gems/actionpack-5.0.2/lib/action_dispatch/middleware/templates/rescues/_source.html.erb
  Rendered D:/Ruby23/lib/ruby/gems/2.3.0/gems/actionpack-5.0.2/lib/action_dispatch/middleware/templates/rescues/_source.html.erb (5.0ms)
  Rendering D:/Ruby23/lib/ruby/gems/2.3.0/gems/actionpack-5.0.2/lib/action_dispatch/middleware/templates/rescues/_trace.html.erb
  Rendered D:/Ruby23/lib/ruby/gems/2.3.0/gems/actionpack-5.0.2/lib/action_dispatch/middleware/templates/rescues/_trace.html.erb (1.5ms)
  Rendering D:/Ruby23/lib/ruby/gems/2.3.0/gems/actionpack-5.0.2/lib/action_dispatch/middleware/templates/rescues/_request_and_response.html.erb
  Rendered D:/Ruby23/lib/ruby/gems/2.3.0/gems/actionpack-5.0.2/lib/action_dispatch/middleware/templates/rescues/_request_and_response.html.erb (1.0ms)
  Rendered D:/Ruby23/lib/ruby/gems/2.3.0/gems/actionpack-5.0.2/lib/action_dispatch/middleware/templates/rescues/template_error.html.erb within rescues/layout (1003.0ms)
Started GET "/auth/dashboard" for ::1 at 2017-04-04 14:48:42 +0800
Started GET "/auth/dashboard" for ::1 at 2017-04-04 14:48:42 +0800
Processing by AuthController#dashboard as HTML
Processing by AuthController#dashboard as HTML
  Rendering auth/dashboard.html.erb within layouts/application
  Rendering auth/dashboard.html.erb within layouts/application
  Rendered auth/dashboard.html.erb within layouts/application (0.0ms)
  Rendered auth/dashboard.html.erb within layouts/application (0.0ms)
Completed 200 OK in 254ms (Views: 222.9ms | ActiveRecord: 0.0ms)


Completed 200 OK in 257ms (Views: 225.3ms | ActiveRecord: 0.0ms)


Started GET "/auth/dashboard" for ::1 at 2017-04-04 14:48:47 +0800
Processing by AuthController#dashboard as HTML
  Rendering auth/dashboard.html.erb within layouts/application
  Rendered auth/dashboard.html.erb within layouts/application (1.0ms)
Completed 200 OK in 134ms (Views: 117.1ms | ActiveRecord: 0.0ms)


Started GET "/auth/dashboard" for ::1 at 2017-04-04 14:49:16 +0800
Processing by AuthController#dashboard as HTML
  Rendering auth/dashboard.html.erb within layouts/application
  Rendered auth/dashboard.html.erb within layouts/application (0.5ms)
Completed 200 OK in 128ms (Views: 107.3ms | ActiveRecord: 0.0ms)


Started GET "/auth/dashboard" for ::1 at 2017-04-04 14:49:19 +0800
Processing by AuthController#dashboard as HTML
  Rendering auth/dashboard.html.erb within layouts/application
  Rendered auth/dashboard.html.erb within layouts/application (1.5ms)
Completed 200 OK in 177ms (Views: 152.1ms | ActiveRecord: 0.0ms)


Started GET "/auth/dashboard" for ::1 at 2017-04-04 14:51:31 +0800
Processing by AuthController#dashboard as HTML
  Rendering auth/dashboard.html.erb within layouts/application
  Rendered auth/dashboard.html.erb within layouts/application (0.0ms)
Completed 200 OK in 130ms (Views: 110.4ms | ActiveRecord: 0.0ms)


Started GET "/users/sign_in" for ::1 at 2017-04-04 14:51:45 +0800
Processing by Devise::SessionsController#new as HTML
  Rendering D:/Ruby23/lib/ruby/gems/2.3.0/gems/devise-4.2.1/app/views/devise/sessions/new.html.erb within layouts/application
  Rendered D:/Ruby23/lib/ruby/gems/2.3.0/gems/devise-4.2.1/app/views/devise/shared/_links.html.erb (0.5ms)
  Rendered D:/Ruby23/lib/ruby/gems/2.3.0/gems/devise-4.2.1/app/views/devise/sessions/new.html.erb within layouts/application (36.6ms)
Completed 200 OK in 195ms (Views: 194.5ms | ActiveRecord: 0.0ms)


Started POST "/users/sign_in" for ::1 at 2017-04-04 14:51:52 +0800
Processing by Devise::SessionsController#create as HTML
  Parameters: {"utf8"=>"✓", "authenticity_token"=>"IEAn5enrFRUlVbBcM7VVB54gjbyOlYGz7ZlZracMNPN9irP7XVFMonyln/LUsaSPbjzPIk3lKRxEqB7+0kAGHg==", "user"=>{"email"=>"someemail@example.com", "password"=>"[FILTERED]", "remember_me"=>"0"}, "commit"=>"Log in"}
  [1m[36mUser Load (0.0ms)[0m  [1m[34mSELECT  "users".* FROM "users" WHERE "users"."email" = ? ORDER BY "users"."id" ASC LIMIT ?[0m  [["email", "someemail@example.com"], ["LIMIT", 1]]
Completed 401 Unauthorized in 125ms (ActiveRecord: 0.0ms)


Processing by Devise::SessionsController#new as HTML
  Parameters: {"utf8"=>"✓", "authenticity_token"=>"IEAn5enrFRUlVbBcM7VVB54gjbyOlYGz7ZlZracMNPN9irP7XVFMonyln/LUsaSPbjzPIk3lKRxEqB7+0kAGHg==", "user"=>{"email"=>"someemail@example.com", "password"=>"[FILTERED]", "remember_me"=>"0"}, "commit"=>"Log in"}
  Rendering D:/Ruby23/lib/ruby/gems/2.3.0/gems/devise-4.2.1/app/views/devise/sessions/new.html.erb within layouts/application
  Rendered D:/Ruby23/lib/ruby/gems/2.3.0/gems/devise-4.2.1/app/views/devise/shared/_links.html.erb (1.0ms)
  Rendered D:/Ruby23/lib/ruby/gems/2.3.0/gems/devise-4.2.1/app/views/devise/sessions/new.html.erb within layouts/application (38.6ms)
Completed 200 OK in 315ms (Views: 193.9ms | ActiveRecord: 0.0ms)


Started POST "/users/sign_in" for ::1 at 2017-04-04 14:51:58 +0800
Processing by Devise::SessionsController#create as HTML
  Parameters: {"utf8"=>"✓", "authenticity_token"=>"S1Rp3+/8c8X7ZWNCshbhQaYmhABuWU0L5lqXViEUpfC44l8/Ll21Z5dJMqRj6MDj26ykTak25TFx4N5Ko2eIyg==", "user"=>{"email"=>"someemail@example.com", "password"=>"[FILTERED]", "remember_me"=>"0"}, "commit"=>"Log in"}
  [1m[36mUser Load (0.5ms)[0m  [1m[34mSELECT  "users".* FROM "users" WHERE "users"."email" = ? ORDER BY "users"."id" ASC LIMIT ?[0m  [["email", "someemail@example.com"], ["LIMIT", 1]]
  [1m[35m (0.5ms)[0m  [1m[36mbegin transaction[0m
  [1m[35mSQL (46.0ms)[0m  [1m[33mUPDATE "users" SET "current_sign_in_at" = ?, "sign_in_count" = ?, "updated_at" = ? WHERE "users"."id" = ?[0m  [["current_sign_in_at", 2017-04-04 06:51:58 UTC], ["sign_in_count", 2], ["updated_at", 2017-04-04 06:51:58 UTC], ["id", 1]]
  [1m[35m (89.5ms)[0m  [1m[36mcommit transaction[0m
Redirected to http://localhost:3000/
Completed 302 Found in 417ms (ActiveRecord: 136.5ms)


Started GET "/" for ::1 at 2017-04-04 14:51:59 +0800
Processing by Rails::WelcomeController#index as HTML
  Parameters: {"internal"=>true}
  Rendering D:/Ruby23/lib/ruby/gems/2.3.0/gems/railties-5.0.2/lib/rails/templates/rails/welcome/index.html.erb
  Rendered D:/Ruby23/lib/ruby/gems/2.3.0/gems/railties-5.0.2/lib/rails/templates/rails/welcome/index.html.erb (2.5ms)
Completed 200 OK in 53ms (Views: 27.0ms | ActiveRecord: 0.0ms)


Started GET "/" for ::1 at 2017-04-04 14:53:18 +0800
Processing by Rails::WelcomeController#index as HTML
  Parameters: {"internal"=>true}
  Rendering D:/Ruby23/lib/ruby/gems/2.3.0/gems/railties-5.0.2/lib/rails/templates/rails/welcome/index.html.erb
  Rendered D:/Ruby23/lib/ruby/gems/2.3.0/gems/railties-5.0.2/lib/rails/templates/rails/welcome/index.html.erb (2.5ms)
Completed 200 OK in 54ms (Views: 28.8ms | ActiveRecord: 0.0ms)


Started GET "/users/sign_in" for ::1 at 2017-04-04 14:53:21 +0800
Processing by Devise::SessionsController#new as HTML
  [1m[36mUser Load (1.0ms)[0m  [1m[34mSELECT  "users".* FROM "users" WHERE "users"."id" = ? ORDER BY "users"."id" ASC LIMIT ?[0m  [["id", 1], ["LIMIT", 1]]
Redirected to http://localhost:3000/
Filter chain halted as :require_no_authentication rendered or redirected
Completed 302 Found in 27ms (ActiveRecord: 2.5ms)


Started GET "/" for ::1 at 2017-04-04 14:53:21 +0800
Processing by Rails::WelcomeController#index as HTML
  Parameters: {"internal"=>true}
  Rendering D:/Ruby23/lib/ruby/gems/2.3.0/gems/railties-5.0.2/lib/rails/templates/rails/welcome/index.html.erb
  Rendered D:/Ruby23/lib/ruby/gems/2.3.0/gems/railties-5.0.2/lib/rails/templates/rails/welcome/index.html.erb (3.5ms)
Completed 200 OK in 57ms (Views: 28.2ms | ActiveRecord: 0.0ms)


Started GET "/users/sign_in" for ::1 at 2017-04-04 14:53:22 +0800
Processing by Devise::SessionsController#new as HTML
  [1m[36mUser Load (0.5ms)[0m  [1m[34mSELECT  "users".* FROM "users" WHERE "users"."id" = ? ORDER BY "users"."id" ASC LIMIT ?[0m  [["id", 1], ["LIMIT", 1]]
Redirected to http://localhost:3000/
Filter chain halted as :require_no_authentication rendered or redirected
Completed 302 Found in 6ms (ActiveRecord: 0.5ms)


Started GET "/" for ::1 at 2017-04-04 14:53:23 +0800
Processing by Rails::WelcomeController#index as HTML
  Parameters: {"internal"=>true}
  Rendering D:/Ruby23/lib/ruby/gems/2.3.0/gems/railties-5.0.2/lib/rails/templates/rails/welcome/index.html.erb
  Rendered D:/Ruby23/lib/ruby/gems/2.3.0/gems/railties-5.0.2/lib/rails/templates/rails/welcome/index.html.erb (2.5ms)
Completed 200 OK in 55ms (Views: 28.5ms | ActiveRecord: 0.0ms)


Started GET "/users/sign_in" for ::1 at 2017-04-04 14:53:46 +0800
Processing by Devise::SessionsController#new as HTML
  [1m[36mUser Load (0.0ms)[0m  [1m[34mSELECT  "users".* FROM "users" WHERE "users"."id" = ? ORDER BY "users"."id" ASC LIMIT ?[0m  [["id", 1], ["LIMIT", 1]]
Redirected to http://localhost:3000/
Filter chain halted as :require_no_authentication rendered or redirected
Completed 302 Found in 16ms (ActiveRecord: 1.5ms)


Started GET "/" for ::1 at 2017-04-04 14:53:46 +0800
Processing by Rails::WelcomeController#index as HTML
  Parameters: {"internal"=>true}
  Rendering D:/Ruby23/lib/ruby/gems/2.3.0/gems/railties-5.0.2/lib/rails/templates/rails/welcome/index.html.erb
  Rendered D:/Ruby23/lib/ruby/gems/2.3.0/gems/railties-5.0.2/lib/rails/templates/rails/welcome/index.html.erb (3.0ms)
Completed 200 OK in 61ms (Views: 29.5ms | ActiveRecord: 0.0ms)


Started GET "/users/sign_in" for ::1 at 2017-04-04 14:53:46 +0800
Processing by Devise::SessionsController#new as HTML
  [1m[36mUser Load (0.5ms)[0m  [1m[34mSELECT  "users".* FROM "users" WHERE "users"."id" = ? ORDER BY "users"."id" ASC LIMIT ?[0m  [["id", 1], ["LIMIT", 1]]
Redirected to http://localhost:3000/
Filter chain halted as :require_no_authentication rendered or redirected
Completed 302 Found in 6ms (ActiveRecord: 0.5ms)


Started GET "/" for ::1 at 2017-04-04 14:53:46 +0800
Processing by Rails::WelcomeController#index as HTML
  Parameters: {"internal"=>true}
  Rendering D:/Ruby23/lib/ruby/gems/2.3.0/gems/railties-5.0.2/lib/rails/templates/rails/welcome/index.html.erb
  Rendered D:/Ruby23/lib/ruby/gems/2.3.0/gems/railties-5.0.2/lib/rails/templates/rails/welcome/index.html.erb (2.5ms)
Completed 200 OK in 54ms (Views: 27.7ms | ActiveRecord: 0.0ms)


Started GET "/auth/dashboard" for ::1 at 2017-04-04 14:53:50 +0800
Processing by AuthController#dashboard as HTML
  [1m[36mUser Load (0.0ms)[0m  [1m[34mSELECT  "users".* FROM "users" WHERE "users"."id" = ? ORDER BY "users"."id" ASC LIMIT ?[0m  [["id", 1], ["LIMIT", 1]]
  Rendering auth/dashboard.html.erb within layouts/application
  Rendered auth/dashboard.html.erb within layouts/application (0.5ms)
Completed 200 OK in 131ms (Views: 111.7ms | ActiveRecord: 0.0ms)


Started DELETE "/users/sign_out" for ::1 at 2017-04-04 14:53:53 +0800
Processing by Devise::SessionsController#destroy as HTML
  Parameters: {"authenticity_token"=>"VHOFZ/WASL3DUJqx6cgazKcKgHq/XsexfGvu/covL122h/5SlE45poQuHTbhIuZFx1OBLcXieS45FuAwduPK+A=="}
  [1m[36mUser Load (0.5ms)[0m  [1m[34mSELECT  "users".* FROM "users" WHERE "users"."id" = ? ORDER BY "users"."id" ASC LIMIT ?[0m  [["id", 1], ["LIMIT", 1]]
  [1m[35m (0.0ms)[0m  [1m[36mbegin transaction[0m
  [1m[35m (0.0ms)[0m  [1m[36mcommit transaction[0m
Redirected to http://localhost:3000/
Completed 302 Found in 6ms (ActiveRecord: 0.5ms)


Started GET "/" for ::1 at 2017-04-04 14:53:53 +0800
Processing by Rails::WelcomeController#index as HTML
  Parameters: {"internal"=>true}
  Rendering D:/Ruby23/lib/ruby/gems/2.3.0/gems/railties-5.0.2/lib/rails/templates/rails/welcome/index.html.erb
  Rendered D:/Ruby23/lib/ruby/gems/2.3.0/gems/railties-5.0.2/lib/rails/templates/rails/welcome/index.html.erb (2.5ms)
Completed 200 OK in 56ms (Views: 28.3ms | ActiveRecord: 0.0ms)


Started DELETE "/users/sign_out" for ::1 at 2017-04-04 14:53:58 +0800
Processing by Devise::SessionsController#destroy as HTML
  Parameters: {"authenticity_token"=>"VHOFZ/WASL3DUJqx6cgazKcKgHq/XsexfGvu/covL122h/5SlE45poQuHTbhIuZFx1OBLcXieS45FuAwduPK+A=="}
Redirected to http://localhost:3000/
Filter chain halted as :verify_signed_out_user rendered or redirected
Completed 302 Found in 2ms (ActiveRecord: 0.0ms)


Started GET "/" for ::1 at 2017-04-04 14:53:58 +0800
Processing by Rails::WelcomeController#index as HTML
  Parameters: {"internal"=>true}
  Rendering D:/Ruby23/lib/ruby/gems/2.3.0/gems/railties-5.0.2/lib/rails/templates/rails/welcome/index.html.erb
  Rendered D:/Ruby23/lib/ruby/gems/2.3.0/gems/railties-5.0.2/lib/rails/templates/rails/welcome/index.html.erb (2.5ms)
Completed 200 OK in 55ms (Views: 28.4ms | ActiveRecord: 0.0ms)


Started DELETE "/users/sign_out" for ::1 at 2017-04-04 14:54:27 +0800
Processing by Devise::SessionsController#destroy as HTML
  Parameters: {"authenticity_token"=>"VHOFZ/WASL3DUJqx6cgazKcKgHq/XsexfGvu/covL122h/5SlE45poQuHTbhIuZFx1OBLcXieS45FuAwduPK+A=="}
Redirected to http://localhost:3000/
Filter chain halted as :verify_signed_out_user rendered or redirected
Completed 302 Found in 2ms (ActiveRecord: 0.0ms)


Started GET "/" for ::1 at 2017-04-04 14:54:27 +0800
Processing by Rails::WelcomeController#index as HTML
  Parameters: {"internal"=>true}
  Rendering D:/Ruby23/lib/ruby/gems/2.3.0/gems/railties-5.0.2/lib/rails/templates/rails/welcome/index.html.erb
  Rendered D:/Ruby23/lib/ruby/gems/2.3.0/gems/railties-5.0.2/lib/rails/templates/rails/welcome/index.html.erb (3.0ms)
Completed 200 OK in 53ms (Views: 28.0ms | ActiveRecord: 0.0ms)


Started GET "/auth/dashboard" for ::1 at 2017-04-04 14:54:28 +0800
Processing by AuthController#dashboard as HTML
Completed 401 Unauthorized in 1ms (ActiveRecord: 0.0ms)


Started GET "/users/sign_in" for ::1 at 2017-04-04 14:54:29 +0800
Processing by Devise::SessionsController#new as HTML
  Rendering D:/Ruby23/lib/ruby/gems/2.3.0/gems/devise-4.2.1/app/views/devise/sessions/new.html.erb within layouts/application
  Rendered D:/Ruby23/lib/ruby/gems/2.3.0/gems/devise-4.2.1/app/views/devise/shared/_links.html.erb (1.5ms)
  Rendered D:/Ruby23/lib/ruby/gems/2.3.0/gems/devise-4.2.1/app/views/devise/sessions/new.html.erb within layouts/application (39.6ms)
Completed 200 OK in 251ms (Views: 248.8ms | ActiveRecord: 0.0ms)


Started GET "/auth/landing" for ::1 at 2017-04-04 14:54:37 +0800
Processing by AuthController#landing as HTML
  Rendering auth/landing.html.erb within layouts/application
  Rendered auth/landing.html.erb within layouts/application (0.5ms)
Completed 200 OK in 122ms (Views: 103.6ms | ActiveRecord: 0.0ms)


Started POST "/users/sign_in" for ::1 at 2017-04-04 14:54:47 +0800
Processing by Devise::SessionsController#create as HTML
  Parameters: {"utf8"=>"✓", "authenticity_token"=>"E8KPaTYMaxBO5WE2XmoPcTQ6mndfsRq16kJI5BGqZbS68oejlTd41SwI9Y0WiZb7Ccrve9UGYNCNvHRxU4yO3A==", "user"=>{"email"=>"someemail@example.com", "password"=>"[FILTERED]", "remember_me"=>"0"}, "commit"=>"Log in"}
  [1m[36mUser Load (0.5ms)[0m  [1m[34mSELECT  "users".* FROM "users" WHERE "users"."email" = ? ORDER BY "users"."id" ASC LIMIT ?[0m  [["email", "someemail@example.com"], ["LIMIT", 1]]
  [1m[35m (0.0ms)[0m  [1m[36mbegin transaction[0m
  [1m[35mSQL (1.0ms)[0m  [1m[33mUPDATE "users" SET "current_sign_in_at" = ?, "last_sign_in_at" = ?, "sign_in_count" = ?, "updated_at" = ? WHERE "users"."id" = ?[0m  [["current_sign_in_at", 2017-04-04 06:54:47 UTC], ["last_sign_in_at", 2017-04-04 06:51:58 UTC], ["sign_in_count", 3], ["updated_at", 2017-04-04 06:54:47 UTC], ["id", 1]]
  [1m[35m (75.7ms)[0m  [1m[36mcommit transaction[0m
Redirected to http://localhost:3000/auth/dashboard
Completed 302 Found in 340ms (ActiveRecord: 77.3ms)


Started GET "/auth/dashboard" for ::1 at 2017-04-04 14:54:47 +0800
Processing by AuthController#dashboard as HTML
  [1m[36mUser Load (2.5ms)[0m  [1m[34mSELECT  "users".* FROM "users" WHERE "users"."id" = ? ORDER BY "users"."id" ASC LIMIT ?[0m  [["id", 1], ["LIMIT", 1]]
  Rendering auth/dashboard.html.erb within layouts/application
  Rendered auth/dashboard.html.erb within layouts/application (0.5ms)
Completed 200 OK in 130ms (Views: 108.6ms | ActiveRecord: 2.5ms)


Started DELETE "/users/sign_out" for ::1 at 2017-04-04 14:55:02 +0800
Processing by Devise::SessionsController#destroy as HTML
  Parameters: {"authenticity_token"=>"BpTgsN0VEpmzz5sGqX5WJxHcd4IQrsMlwZyb1/3upnquCbOZCcXBaNwDF1mtTkboywrd6lfSzrN3dWU5DKQH2g=="}
  [1m[36mUser Load (0.5ms)[0m  [1m[34mSELECT  "users".* FROM "users" WHERE "users"."id" = ? ORDER BY "users"."id" ASC LIMIT ?[0m  [["id", 1], ["LIMIT", 1]]
  [1m[35m (0.0ms)[0m  [1m[36mbegin transaction[0m
  [1m[35m (0.5ms)[0m  [1m[36mcommit transaction[0m
Redirected to http://localhost:3000/
Completed 302 Found in 8ms (ActiveRecord: 1.0ms)


Started GET "/" for ::1 at 2017-04-04 14:55:02 +0800
Processing by Rails::WelcomeController#index as HTML
  Parameters: {"internal"=>true}
  Rendering D:/Ruby23/lib/ruby/gems/2.3.0/gems/railties-5.0.2/lib/rails/templates/rails/welcome/index.html.erb
  Rendered D:/Ruby23/lib/ruby/gems/2.3.0/gems/railties-5.0.2/lib/rails/templates/rails/welcome/index.html.erb (3.0ms)
Completed 200 OK in 55ms (Views: 27.2ms | ActiveRecord: 0.0ms)


Started GET "/" for ::1 at 2017-04-04 14:55:05 +0800
Processing by Rails::WelcomeController#index as HTML
  Parameters: {"internal"=>true}
  Rendering D:/Ruby23/lib/ruby/gems/2.3.0/gems/railties-5.0.2/lib/rails/templates/rails/welcome/index.html.erb
  Rendered D:/Ruby23/lib/ruby/gems/2.3.0/gems/railties-5.0.2/lib/rails/templates/rails/welcome/index.html.erb (2.5ms)
Completed 200 OK in 57ms (Views: 28.9ms | ActiveRecord: 0.0ms)


Started GET "/auth/dashboard" for ::1 at 2017-04-04 14:55:31 +0800
Processing by AuthController#dashboard as HTML
Completed 401 Unauthorized in 2ms (ActiveRecord: 0.0ms)


Started GET "/users/sign_in" for ::1 at 2017-04-04 14:55:31 +0800
Processing by Devise::SessionsController#new as HTML
  Rendering D:/Ruby23/lib/ruby/gems/2.3.0/gems/devise-4.2.1/app/views/devise/sessions/new.html.erb within layouts/application
  Rendered D:/Ruby23/lib/ruby/gems/2.3.0/gems/devise-4.2.1/app/views/devise/shared/_links.html.erb (1.0ms)
  Rendered D:/Ruby23/lib/ruby/gems/2.3.0/gems/devise-4.2.1/app/views/devise/sessions/new.html.erb within layouts/application (40.3ms)
Completed 200 OK in 239ms (Views: 236.9ms | ActiveRecord: 0.0ms)


Started POST "/users/sign_in" for ::1 at 2017-04-04 14:56:03 +0800
Processing by Devise::SessionsController#create as HTML
  Parameters: {"utf8"=>"✓", "authenticity_token"=>"/QDzAdvK0pbfiMAjf86lJl9I/W1QuwruEvQwtAA3uyLt65Vuqhel5qkj24t6BIaixW4VTwuboHgPj5o1iMQ5fg==", "user"=>{"email"=>"someemail@example.com", "password"=>"[FILTERED]", "remember_me"=>"0"}, "commit"=>"Log in"}
  [1m[36mUser Load (0.0ms)[0m  [1m[34mSELECT  "users".* FROM "users" WHERE "users"."email" = ? ORDER BY "users"."id" ASC LIMIT ?[0m  [["email", "someemail@example.com"], ["LIMIT", 1]]
  [1m[35m (0.0ms)[0m  [1m[36mbegin transaction[0m
  [1m[35mSQL (1.0ms)[0m  [1m[33mUPDATE "users" SET "current_sign_in_at" = ?, "last_sign_in_at" = ?, "sign_in_count" = ?, "updated_at" = ? WHERE "users"."id" = ?[0m  [["current_sign_in_at", 2017-04-04 06:56:03 UTC], ["last_sign_in_at", 2017-04-04 06:54:47 UTC], ["sign_in_count", 4], ["updated_at", 2017-04-04 06:56:03 UTC], ["id", 1]]
  [1m[35m (96.1ms)[0m  [1m[36mcommit transaction[0m
Redirected to http://localhost:3000/auth/dashboard
Completed 302 Found in 366ms (ActiveRecord: 97.0ms)


Started GET "/auth/dashboard" for ::1 at 2017-04-04 14:56:03 +0800
Processing by AuthController#dashboard as HTML
  [1m[36mUser Load (0.5ms)[0m  [1m[34mSELECT  "users".* FROM "users" WHERE "users"."id" = ? ORDER BY "users"."id" ASC LIMIT ?[0m  [["id", 1], ["LIMIT", 1]]
  Rendering auth/dashboard.html.erb within layouts/application
  Rendered auth/dashboard.html.erb within layouts/application (0.5ms)
Completed 200 OK in 132ms (Views: 112.1ms | ActiveRecord: 0.5ms)


Started GET "/users/sign_in" for ::1 at 2017-04-04 14:57:26 +0800
Processing by Devise::SessionsController#new as HTML
  [1m[36mUser Load (0.5ms)[0m  [1m[34mSELECT  "users".* FROM "users" WHERE "users"."id" = ? ORDER BY "users"."id" ASC LIMIT ?[0m  [["id", 1], ["LIMIT", 1]]
Redirected to http://localhost:3000/
Filter chain halted as :require_no_authentication rendered or redirected
Completed 302 Found in 4ms (ActiveRecord: 0.5ms)


Started GET "/" for ::1 at 2017-04-04 14:57:26 +0800
Processing by Rails::WelcomeController#index as HTML
  Parameters: {"internal"=>true}
  Rendering D:/Ruby23/lib/ruby/gems/2.3.0/gems/railties-5.0.2/lib/rails/templates/rails/welcome/index.html.erb
  Rendered D:/Ruby23/lib/ruby/gems/2.3.0/gems/railties-5.0.2/lib/rails/templates/rails/welcome/index.html.erb (3.0ms)
Completed 200 OK in 57ms (Views: 28.5ms | ActiveRecord: 0.0ms)


Started GET "/users/sign_in" for ::1 at 2017-04-04 14:57:26 +0800
Processing by Devise::SessionsController#new as HTML
  [1m[36mUser Load (0.5ms)[0m  [1m[34mSELECT  "users".* FROM "users" WHERE "users"."id" = ? ORDER BY "users"."id" ASC LIMIT ?[0m  [["id", 1], ["LIMIT", 1]]
Redirected to http://localhost:3000/
Filter chain halted as :require_no_authentication rendered or redirected
Completed 302 Found in 6ms (ActiveRecord: 0.5ms)


Started GET "/" for ::1 at 2017-04-04 14:57:26 +0800
Processing by Rails::WelcomeController#index as HTML
  Parameters: {"internal"=>true}
  Rendering D:/Ruby23/lib/ruby/gems/2.3.0/gems/railties-5.0.2/lib/rails/templates/rails/welcome/index.html.erb
  Rendered D:/Ruby23/lib/ruby/gems/2.3.0/gems/railties-5.0.2/lib/rails/templates/rails/welcome/index.html.erb (2.5ms)
Completed 200 OK in 56ms (Views: 27.6ms | ActiveRecord: 0.0ms)


Started GET "/users/sign_in" for ::1 at 2017-04-04 14:57:32 +0800
Processing by Devise::SessionsController#new as HTML
  [1m[36mUser Load (0.5ms)[0m  [1m[34mSELECT  "users".* FROM "users" WHERE "users"."id" = ? ORDER BY "users"."id" ASC LIMIT ?[0m  [["id", 1], ["LIMIT", 1]]
Redirected to http://localhost:3000/
Filter chain halted as :require_no_authentication rendered or redirected
Completed 302 Found in 4ms (ActiveRecord: 0.5ms)


Started GET "/" for ::1 at 2017-04-04 14:57:32 +0800
Processing by Rails::WelcomeController#index as HTML
  Parameters: {"internal"=>true}
  Rendering D:/Ruby23/lib/ruby/gems/2.3.0/gems/railties-5.0.2/lib/rails/templates/rails/welcome/index.html.erb
  Rendered D:/Ruby23/lib/ruby/gems/2.3.0/gems/railties-5.0.2/lib/rails/templates/rails/welcome/index.html.erb (2.5ms)
Completed 200 OK in 69ms (Views: 34.9ms | ActiveRecord: 0.0ms)


Started GET "/users/sign_in" for ::1 at 2017-04-04 14:57:32 +0800
Processing by Devise::SessionsController#new as HTML
  [1m[36mUser Load (0.5ms)[0m  [1m[34mSELECT  "users".* FROM "users" WHERE "users"."id" = ? ORDER BY "users"."id" ASC LIMIT ?[0m  [["id", 1], ["LIMIT", 1]]
Redirected to http://localhost:3000/
Filter chain halted as :require_no_authentication rendered or redirected
Completed 302 Found in 6ms (ActiveRecord: 0.5ms)


Started GET "/" for ::1 at 2017-04-04 14:57:32 +0800
Processing by Rails::WelcomeController#index as HTML
  Parameters: {"internal"=>true}
  Rendering D:/Ruby23/lib/ruby/gems/2.3.0/gems/railties-5.0.2/lib/rails/templates/rails/welcome/index.html.erb
  Rendered D:/Ruby23/lib/ruby/gems/2.3.0/gems/railties-5.0.2/lib/rails/templates/rails/welcome/index.html.erb (2.5ms)
Completed 200 OK in 53ms (Views: 26.8ms | ActiveRecord: 0.0ms)


Started DELETE "/users/sign_out" for ::1 at 2017-04-04 14:57:45 +0800
Processing by Devise::SessionsController#destroy as HTML
  Parameters: {"authenticity_token"=>"uzavcyAfJyrpgn7rdMadGg+7MG0UtgbKK58sa3TlHRshrzKC1nEXznxtFZyAmHC4p3MOx0HoBYzZiX3omP4Ynw=="}
  [1m[36mUser Load (1.0ms)[0m  [1m[34mSELECT  "users".* FROM "users" WHERE "users"."id" = ? ORDER BY "users"."id" ASC LIMIT ?[0m  [["id", 1], ["LIMIT", 1]]
  [1m[35m (0.0ms)[0m  [1m[36mbegin transaction[0m
  [1m[35m (0.5ms)[0m  [1m[36mcommit transaction[0m
Redirected to http://localhost:3000/
Completed 302 Found in 10ms (ActiveRecord: 1.5ms)


Started GET "/" for ::1 at 2017-04-04 14:57:45 +0800
Processing by Rails::WelcomeController#index as HTML
  Parameters: {"internal"=>true}
  Rendering D:/Ruby23/lib/ruby/gems/2.3.0/gems/railties-5.0.2/lib/rails/templates/rails/welcome/index.html.erb
  Rendered D:/Ruby23/lib/ruby/gems/2.3.0/gems/railties-5.0.2/lib/rails/templates/rails/welcome/index.html.erb (2.5ms)
Completed 200 OK in 56ms (Views: 27.9ms | ActiveRecord: 0.0ms)


Started GET "/users/sign_in" for ::1 at 2017-04-04 14:57:55 +0800
Processing by Devise::SessionsController#new as HTML
  Rendering D:/Ruby23/lib/ruby/gems/2.3.0/gems/devise-4.2.1/app/views/devise/sessions/new.html.erb within layouts/application
  Rendered D:/Ruby23/lib/ruby/gems/2.3.0/gems/devise-4.2.1/app/views/devise/shared/_links.html.erb (1.0ms)
  Rendered D:/Ruby23/lib/ruby/gems/2.3.0/gems/devise-4.2.1/app/views/devise/sessions/new.html.erb within layouts/application (42.6ms)
Completed 200 OK in 243ms (Views: 238.4ms | ActiveRecord: 0.0ms)


Started GET "/users/password/new" for ::1 at 2017-04-04 14:57:58 +0800
Processing by Devise::PasswordsController#new as HTML
  Rendering D:/Ruby23/lib/ruby/gems/2.3.0/gems/devise-4.2.1/app/views/devise/passwords/new.html.erb within layouts/application
  Rendered D:/Ruby23/lib/ruby/gems/2.3.0/gems/devise-4.2.1/app/views/devise/shared/_links.html.erb (1.5ms)
  Rendered D:/Ruby23/lib/ruby/gems/2.3.0/gems/devise-4.2.1/app/views/devise/passwords/new.html.erb within layouts/application (40.1ms)
Completed 200 OK in 251ms (Views: 211.1ms | ActiveRecord: 0.0ms)


Started POST "/users/password" for ::1 at 2017-04-04 14:58:02 +0800
Processing by Devise::PasswordsController#create as HTML
  Parameters: {"utf8"=>"✓", "authenticity_token"=>"IvdZJs2Mw6dOBblRpZpyLJnBxgxxhdzlVBH+UaIXdyyO+O0/ihrhYrpSg25+AVUlBRTuHyZTqk8VeNzwoCf9xA==", "user"=>{"email"=>"someemail@example.com"}, "commit"=>"Send me reset password instructions"}
  [1m[36mUser Load (0.5ms)[0m  [1m[34mSELECT  "users".* FROM "users" WHERE "users"."email" = ? ORDER BY "users"."id" ASC LIMIT ?[0m  [["email", "someemail@example.com"], ["LIMIT", 1]]
  [1m[36mUser Load (0.5ms)[0m  [1m[34mSELECT  "users".* FROM "users" WHERE "users"."reset_password_token" = ? ORDER BY "users"."id" ASC LIMIT ?[0m  [["reset_password_token", "f213e75d9f5d655ac880bf316fc6530c36f7c2875bf91c40ed924dd15a40da93"], ["LIMIT", 1]]
  [1m[35m (0.0ms)[0m  [1m[36mbegin transaction[0m
  [1m[35mSQL (0.5ms)[0m  [1m[33mUPDATE "users" SET "reset_password_token" = ?, "reset_password_sent_at" = ?, "updated_at" = ? WHERE "users"."id" = ?[0m  [["reset_password_token", "f213e75d9f5d655ac880bf316fc6530c36f7c2875bf91c40ed924dd15a40da93"], ["reset_password_sent_at", 2017-04-04 06:58:02 UTC], ["updated_at", 2017-04-04 06:58:02 UTC], ["id", 1]]
  [1m[35m (91.7ms)[0m  [1m[36mcommit transaction[0m
  Rendering D:/Ruby23/lib/ruby/gems/2.3.0/gems/devise-4.2.1/app/views/devise/mailer/reset_password_instructions.html.erb
  Rendered D:/Ruby23/lib/ruby/gems/2.3.0/gems/devise-4.2.1/app/views/devise/mailer/reset_password_instructions.html.erb (1.5ms)
Devise::Mailer#reset_password_instructions: processed outbound mail in 760.1ms
Sent mail to someemail@example.com (1229.7ms)
Date: Tue, 04 Apr 2017 14:58:04 +0800
From: please-change-me-at-config-initializers-devise@example.com
Reply-To: please-change-me-at-config-initializers-devise@example.com
To: someemail@example.com
Message-ID: <58e343fc8b6d_216427c481898456@DESKTOP-269LMQV.mail>
Subject: Reset password instructions
Mime-Version: 1.0
Content-Type: text/html;
 charset=UTF-8
Content-Transfer-Encoding: 7bit

<p>Hello someemail@example.com!</p>

<p>Someone has requested a link to change your password. You can do this through the link below.</p>

<p><a href="http://localhost:3000/users/password/edit?reset_password_token=vkupfo359XpfR8Tcv8o6">Change my password</a></p>

<p>If you didn't request this, please ignore this email.</p>
<p>Your password won't change until you access the link above and create a new one.</p>

Redirected to http://localhost:3000/users/sign_in
Completed 302 Found in 2932ms (ActiveRecord: 93.3ms)


Started GET "/users/sign_in" for ::1 at 2017-04-04 14:58:05 +0800
Processing by Devise::SessionsController#new as HTML
  Rendering D:/Ruby23/lib/ruby/gems/2.3.0/gems/devise-4.2.1/app/views/devise/sessions/new.html.erb within layouts/application
  Rendered D:/Ruby23/lib/ruby/gems/2.3.0/gems/devise-4.2.1/app/views/devise/shared/_links.html.erb (1.0ms)
  Rendered D:/Ruby23/lib/ruby/gems/2.3.0/gems/devise-4.2.1/app/views/devise/sessions/new.html.erb within layouts/application (40.6ms)
Completed 200 OK in 213ms (Views: 210.6ms | ActiveRecord: 0.0ms)


Started GET "/users/password/new" for ::1 at 2017-04-04 14:59:12 +0800
Processing by Devise::PasswordsController#new as HTML
  Rendering D:/Ruby23/lib/ruby/gems/2.3.0/gems/devise-4.2.1/app/views/devise/passwords/new.html.erb within layouts/application
  Rendered D:/Ruby23/lib/ruby/gems/2.3.0/gems/devise-4.2.1/app/views/devise/shared/_links.html.erb (1.0ms)
  Rendered D:/Ruby23/lib/ruby/gems/2.3.0/gems/devise-4.2.1/app/views/devise/passwords/new.html.erb within layouts/application (40.5ms)
Completed 200 OK in 259ms (Views: 220.4ms | ActiveRecord: 0.0ms)


Started POST "/users/password" for ::1 at 2017-04-04 14:59:15 +0800
Processing by Devise::PasswordsController#create as HTML
  Parameters: {"utf8"=>"✓", "authenticity_token"=>"CLk2l5LV/Kezt62TFqSlzgfPFx+lnlIM3MIvFwvhcKOktoKO1UPeYkfgl6zNP4LHmxo/DPJIJKadqw22CdH6Sw==", "user"=>{"email"=>"s@s.c"}, "commit"=>"Send me reset password instructions"}
  [1m[36mUser Load (0.0ms)[0m  [1m[34mSELECT  "users".* FROM "users" WHERE "users"."email" = ? ORDER BY "users"."id" ASC LIMIT ?[0m  [["email", "s@s.c"], ["LIMIT", 1]]
  Rendering D:/Ruby23/lib/ruby/gems/2.3.0/gems/devise-4.2.1/app/views/devise/passwords/new.html.erb within layouts/application
  Rendered D:/Ruby23/lib/ruby/gems/2.3.0/gems/devise-4.2.1/app/views/devise/shared/_links.html.erb (1.0ms)
  Rendered D:/Ruby23/lib/ruby/gems/2.3.0/gems/devise-4.2.1/app/views/devise/passwords/new.html.erb within layouts/application (38.8ms)
Completed 200 OK in 297ms (Views: 196.1ms | ActiveRecord: 0.0ms)


Started POST "/users/password" for ::1 at 2017-04-04 14:59:23 +0800
Processing by Devise::PasswordsController#create as HTML
  Parameters: {"utf8"=>"✓", "authenticity_token"=>"yiKBW2RW6Mlr8UJ7KvGF8+Id0N1KpjHSpwZIDN29YGpBjPXlGoWGlt0I8Q44yetrFtyGJ5383OunHXQ9ca9xJA==", "user"=>{"email"=>"s@s.c"}, "commit"=>"Send me reset password instructions"}
  [1m[36mUser Load (0.5ms)[0m  [1m[34mSELECT  "users".* FROM "users" WHERE "users"."email" = ? ORDER BY "users"."id" ASC LIMIT ?[0m  [["email", "s@s.c"], ["LIMIT", 1]]
  Rendering D:/Ruby23/lib/ruby/gems/2.3.0/gems/devise-4.2.1/app/views/devise/passwords/new.html.erb within layouts/application
  Rendered D:/Ruby23/lib/ruby/gems/2.3.0/gems/devise-4.2.1/app/views/devise/shared/_links.html.erb (1.0ms)
  Rendered D:/Ruby23/lib/ruby/gems/2.3.0/gems/devise-4.2.1/app/views/devise/passwords/new.html.erb within layouts/application (38.1ms)
Completed 200 OK in 297ms (Views: 194.1ms | ActiveRecord: 0.5ms)


Started GET "/users/password/edit?reset_password_token=[FILTERED]" for ::1 at 2017-04-04 15:00:54 +0800
Processing by Devise::PasswordsController#edit as HTML
  Parameters: {"reset_password_token"=>"[FILTERED]"}
  Rendering D:/Ruby23/lib/ruby/gems/2.3.0/gems/devise-4.2.1/app/views/devise/passwords/edit.html.erb within layouts/application
  Rendered D:/Ruby23/lib/ruby/gems/2.3.0/gems/devise-4.2.1/app/views/devise/shared/_links.html.erb (1.0ms)
  Rendered D:/Ruby23/lib/ruby/gems/2.3.0/gems/devise-4.2.1/app/views/devise/passwords/edit.html.erb within layouts/application (43.6ms)
Completed 200 OK in 241ms (Views: 201.7ms | ActiveRecord: 0.0ms)


Started PUT "/users/password" for ::1 at 2017-04-04 15:01:04 +0800
Processing by Devise::PasswordsController#update as HTML
  Parameters: {"utf8"=>"✓", "authenticity_token"=>"5FTwTvfyO4o8arqEnUQVFtXN0tYvmST2b8qJMb2lVd1v+oTwiSFV1YqTCfGPfHuOIQyELPjDyc9v0bUAEbdEkw==", "user"=>{"reset_password_token"=>"[FILTERED]", "password"=>"[FILTERED]", "password_confirmation"=>"[FILTERED]"}, "commit"=>"Change my password"}
  [1m[36mUser Load (0.5ms)[0m  [1m[34mSELECT  "users".* FROM "users" WHERE "users"."reset_password_token" = ? ORDER BY "users"."id" ASC LIMIT ?[0m  [["reset_password_token", "f213e75d9f5d655ac880bf316fc6530c36f7c2875bf91c40ed924dd15a40da93"], ["LIMIT", 1]]
  [1m[35m (0.0ms)[0m  [1m[36mbegin transaction[0m
  [1m[35mSQL (1.1ms)[0m  [1m[33mUPDATE "users" SET "reset_password_sent_at" = ?, "encrypted_password" = ?, "reset_password_token" = ?, "updated_at" = ? WHERE "users"."id" = ?[0m  [["reset_password_sent_at", nil], ["encrypted_password", "$2a$11$U.xKIDyA4sJxDht0nzE9COAFxLpdvJS9Hm2yVwzoWSLRlgEAzlMS6"], ["reset_password_token", nil], ["updated_at", 2017-04-04 07:01:04 UTC], ["id", 1]]
  [1m[35m (133.6ms)[0m  [1m[36mcommit transaction[0m
  [1m[35m (0.0ms)[0m  [1m[36mbegin transaction[0m
  [1m[35mSQL (12.5ms)[0m  [1m[33mUPDATE "users" SET "sign_in_count" = ?, "current_sign_in_at" = ?, "last_sign_in_at" = ?, "updated_at" = ? WHERE "users"."id" = ?[0m  [["sign_in_count", 5], ["current_sign_in_at", 2017-04-04 07:01:04 UTC], ["last_sign_in_at", 2017-04-04 06:56:03 UTC], ["updated_at", 2017-04-04 07:01:04 UTC], ["id", 1]]
  [1m[35m (106.8ms)[0m  [1m[36mcommit transaction[0m
Redirected to http://localhost:3000/
Completed 302 Found in 540ms (ActiveRecord: 254.5ms)


Started GET "/" for ::1 at 2017-04-04 15:01:04 +0800
Processing by Rails::WelcomeController#index as HTML
  Parameters: {"internal"=>true}
  Rendering D:/Ruby23/lib/ruby/gems/2.3.0/gems/railties-5.0.2/lib/rails/templates/rails/welcome/index.html.erb
  Rendered D:/Ruby23/lib/ruby/gems/2.3.0/gems/railties-5.0.2/lib/rails/templates/rails/welcome/index.html.erb (3.0ms)
Completed 200 OK in 55ms (Views: 28.4ms | ActiveRecord: 0.0ms)


Started GET "/users/sign_in" for ::1 at 2017-04-04 15:01:11 +0800
Processing by Devise::SessionsController#new as HTML
  [1m[36mUser Load (0.0ms)[0m  [1m[34mSELECT  "users".* FROM "users" WHERE "users"."id" = ? ORDER BY "users"."id" ASC LIMIT ?[0m  [["id", 1], ["LIMIT", 1]]
Redirected to http://localhost:3000/
Filter chain halted as :require_no_authentication rendered or redirected
Completed 302 Found in 3ms (ActiveRecord: 0.0ms)


Started GET "/" for ::1 at 2017-04-04 15:01:11 +0800
Processing by Rails::WelcomeController#index as HTML
  Parameters: {"internal"=>true}
  Rendering D:/Ruby23/lib/ruby/gems/2.3.0/gems/railties-5.0.2/lib/rails/templates/rails/welcome/index.html.erb
  Rendered D:/Ruby23/lib/ruby/gems/2.3.0/gems/railties-5.0.2/lib/rails/templates/rails/welcome/index.html.erb (3.0ms)
Completed 200 OK in 69ms (Views: 33.7ms | ActiveRecord: 0.0ms)


Started GET "/users/sign_in" for ::1 at 2017-04-04 15:01:11 +0800
Processing by Devise::SessionsController#new as HTML
  [1m[36mUser Load (0.5ms)[0m  [1m[34mSELECT  "users".* FROM "users" WHERE "users"."id" = ? ORDER BY "users"."id" ASC LIMIT ?[0m  [["id", 1], ["LIMIT", 1]]
Redirected to http://localhost:3000/
Filter chain halted as :require_no_authentication rendered or redirected
Completed 302 Found in 4ms (ActiveRecord: 0.5ms)


Started GET "/" for ::1 at 2017-04-04 15:01:12 +0800
Processing by Rails::WelcomeController#index as HTML
  Parameters: {"internal"=>true}
  Rendering D:/Ruby23/lib/ruby/gems/2.3.0/gems/railties-5.0.2/lib/rails/templates/rails/welcome/index.html.erb
  Rendered D:/Ruby23/lib/ruby/gems/2.3.0/gems/railties-5.0.2/lib/rails/templates/rails/welcome/index.html.erb (3.0ms)
Completed 200 OK in 56ms (Views: 29.0ms | ActiveRecord: 0.0ms)


Started GET "/users/sign_in" for ::1 at 2017-04-04 15:01:14 +0800
Processing by Devise::SessionsController#new as HTML
  [1m[36mUser Load (0.0ms)[0m  [1m[34mSELECT  "users".* FROM "users" WHERE "users"."id" = ? ORDER BY "users"."id" ASC LIMIT ?[0m  [["id", 1], ["LIMIT", 1]]
Redirected to http://localhost:3000/
Filter chain halted as :require_no_authentication rendered or redirected
Completed 302 Found in 7ms (ActiveRecord: 0.0ms)


Started GET "/" for ::1 at 2017-04-04 15:01:14 +0800
Processing by Rails::WelcomeController#index as HTML
  Parameters: {"internal"=>true}
  Rendering D:/Ruby23/lib/ruby/gems/2.3.0/gems/railties-5.0.2/lib/rails/templates/rails/welcome/index.html.erb
  Rendered D:/Ruby23/lib/ruby/gems/2.3.0/gems/railties-5.0.2/lib/rails/templates/rails/welcome/index.html.erb (3.0ms)
Completed 200 OK in 70ms (Views: 34.1ms | ActiveRecord: 0.0ms)


Started GET "/users/sign_in" for ::1 at 2017-04-04 15:01:15 +0800
Processing by Devise::SessionsController#new as HTML
  [1m[36mUser Load (0.0ms)[0m  [1m[34mSELECT  "users".* FROM "users" WHERE "users"."id" = ? ORDER BY "users"."id" ASC LIMIT ?[0m  [["id", 1], ["LIMIT", 1]]
Redirected to http://localhost:3000/
Filter chain halted as :require_no_authentication rendered or redirected
Completed 302 Found in 4ms (ActiveRecord: 0.0ms)


Started GET "/" for ::1 at 2017-04-04 15:01:15 +0800
Processing by Rails::WelcomeController#index as HTML
  Parameters: {"internal"=>true}
  Rendering D:/Ruby23/lib/ruby/gems/2.3.0/gems/railties-5.0.2/lib/rails/templates/rails/welcome/index.html.erb
  Rendered D:/Ruby23/lib/ruby/gems/2.3.0/gems/railties-5.0.2/lib/rails/templates/rails/welcome/index.html.erb (2.5ms)
Completed 200 OK in 54ms (Views: 28.0ms | ActiveRecord: 0.0ms)


Started GET "/users/password/edit?reset_password_token=[FILTERED]" for ::1 at 2017-04-04 15:01:43 +0800
Processing by Devise::PasswordsController#edit as HTML
  Parameters: {"reset_password_token"=>"[FILTERED]"}
  [1m[36mUser Load (0.5ms)[0m  [1m[34mSELECT  "users".* FROM "users" WHERE "users"."id" = ? ORDER BY "users"."id" ASC LIMIT ?[0m  [["id", 1], ["LIMIT", 1]]
Redirected to http://localhost:3000/
Filter chain halted as :require_no_authentication rendered or redirected
Completed 302 Found in 6ms (ActiveRecord: 0.5ms)


Started GET "/" for ::1 at 2017-04-04 15:01:43 +0800
Processing by Rails::WelcomeController#index as HTML
  Parameters: {"internal"=>true}
  Rendering D:/Ruby23/lib/ruby/gems/2.3.0/gems/railties-5.0.2/lib/rails/templates/rails/welcome/index.html.erb
  Rendered D:/Ruby23/lib/ruby/gems/2.3.0/gems/railties-5.0.2/lib/rails/templates/rails/welcome/index.html.erb (2.5ms)
Completed 200 OK in 54ms (Views: 27.0ms | ActiveRecord: 0.0ms)


Started GET "/users/sign_up" for ::1 at 2017-04-04 15:04:19 +0800
Processing by Devise::RegistrationsController#new as HTML
  [1m[36mUser Load (0.5ms)[0m  [1m[34mSELECT  "users".* FROM "users" WHERE "users"."id" = ? ORDER BY "users"."id" ASC LIMIT ?[0m  [["id", 1], ["LIMIT", 1]]
Redirected to http://localhost:3000/
Filter chain halted as :require_no_authentication rendered or redirected
Completed 302 Found in 5ms (ActiveRecord: 0.5ms)


Started GET "/" for ::1 at 2017-04-04 15:04:19 +0800
Processing by Rails::WelcomeController#index as HTML
  Parameters: {"internal"=>true}
  Rendering D:/Ruby23/lib/ruby/gems/2.3.0/gems/railties-5.0.2/lib/rails/templates/rails/welcome/index.html.erb
  Rendered D:/Ruby23/lib/ruby/gems/2.3.0/gems/railties-5.0.2/lib/rails/templates/rails/welcome/index.html.erb (3.0ms)
Completed 200 OK in 70ms (Views: 35.7ms | ActiveRecord: 0.0ms)


Started GET "/auth/dashboard" for ::1 at 2017-04-04 15:04:41 +0800
Processing by AuthController#dashboard as HTML
  [1m[36mUser Load (0.5ms)[0m  [1m[34mSELECT  "users".* FROM "users" WHERE "users"."id" = ? ORDER BY "users"."id" ASC LIMIT ?[0m  [["id", 1], ["LIMIT", 1]]
  Rendering auth/dashboard.html.erb within layouts/application
  Rendered auth/dashboard.html.erb within layouts/application (0.5ms)
Completed 200 OK in 199ms (Views: 167.0ms | ActiveRecord: 0.5ms)


Started GET "/auth/dashboard" for ::1 at 2017-04-04 15:04:47 +0800
Processing by AuthController#dashboard as HTML
  [1m[36mUser Load (0.5ms)[0m  [1m[34mSELECT  "users".* FROM "users" WHERE "users"."id" = ? ORDER BY "users"."id" ASC LIMIT ?[0m  [["id", 1], ["LIMIT", 1]]
  Rendering auth/dashboard.html.erb within layouts/application
  Rendered auth/dashboard.html.erb within layouts/application (0.5ms)
Completed 200 OK in 135ms (Views: 115.2ms | ActiveRecord: 0.5ms)


Started GET "/auth/dashboard" for ::1 at 2017-04-04 15:04:50 +0800
Processing by AuthController#dashboard as HTML
  [1m[36mUser Load (0.5ms)[0m  [1m[34mSELECT  "users".* FROM "users" WHERE "users"."id" = ? ORDER BY "users"."id" ASC LIMIT ?[0m  [["id", 1], ["LIMIT", 1]]
  Rendering auth/dashboard.html.erb within layouts/application
  Rendered auth/dashboard.html.erb within layouts/application (0.5ms)
Completed 200 OK in 129ms (Views: 107.4ms | ActiveRecord: 0.5ms)


Started GET "/" for ::1 at 2017-04-04 15:04:52 +0800
Processing by Rails::WelcomeController#index as HTML
  Parameters: {"internal"=>true}
  Rendering D:/Ruby23/lib/ruby/gems/2.3.0/gems/railties-5.0.2/lib/rails/templates/rails/welcome/index.html.erb
  Rendered D:/Ruby23/lib/ruby/gems/2.3.0/gems/railties-5.0.2/lib/rails/templates/rails/welcome/index.html.erb (5.5ms)
Completed 200 OK in 59ms (Views: 32.6ms | ActiveRecord: 0.0ms)


Started GET "/users/password" for ::1 at 2017-04-04 15:04:56 +0800
  
ActionController::RoutingError (No route matches [GET] "/users/password"):
  
actionpack (5.0.2) lib/action_dispatch/middleware/debug_exceptions.rb:53:in `call'
web-console (3.5.0) lib/web_console/middleware.rb:135:in `call_app'
web-console (3.5.0) lib/web_console/middleware.rb:28:in `block in call'
web-console (3.5.0) lib/web_console/middleware.rb:18:in `catch'
web-console (3.5.0) lib/web_console/middleware.rb:18:in `call'
actionpack (5.0.2) lib/action_dispatch/middleware/show_exceptions.rb:31:in `call'
railties (5.0.2) lib/rails/rack/logger.rb:36:in `call_app'
railties (5.0.2) lib/rails/rack/logger.rb:24:in `block in call'
activesupport (5.0.2) lib/active_support/tagged_logging.rb:69:in `block in tagged'
activesupport (5.0.2) lib/active_support/tagged_logging.rb:26:in `tagged'
activesupport (5.0.2) lib/active_support/tagged_logging.rb:69:in `tagged'
railties (5.0.2) lib/rails/rack/logger.rb:24:in `call'
sprockets-rails (3.2.0) lib/sprockets/rails/quiet_assets.rb:13:in `call'
actionpack (5.0.2) lib/action_dispatch/middleware/request_id.rb:24:in `call'
rack (2.0.1) lib/rack/method_override.rb:22:in `call'
rack (2.0.1) lib/rack/runtime.rb:22:in `call'
activesupport (5.0.2) lib/active_support/cache/strategy/local_cache_middleware.rb:28:in `call'
actionpack (5.0.2) lib/action_dispatch/middleware/executor.rb:12:in `call'
actionpack (5.0.2) lib/action_dispatch/middleware/static.rb:136:in `call'
rack (2.0.1) lib/rack/sendfile.rb:111:in `call'
railties (5.0.2) lib/rails/engine.rb:522:in `call'
puma (3.8.2) lib/puma/configuration.rb:224:in `call'
puma (3.8.2) lib/puma/server.rb:600:in `handle_request'
puma (3.8.2) lib/puma/server.rb:435:in `process_client'
puma (3.8.2) lib/puma/server.rb:299:in `block in run'
puma (3.8.2) lib/puma/thread_pool.rb:120:in `block in spawn_thread'
  Rendering D:/Ruby23/lib/ruby/gems/2.3.0/gems/actionpack-5.0.2/lib/action_dispatch/middleware/templates/rescues/routing_error.html.erb within rescues/layout
  Rendering D:/Ruby23/lib/ruby/gems/2.3.0/gems/actionpack-5.0.2/lib/action_dispatch/middleware/templates/rescues/_trace.html.erb
  Rendered D:/Ruby23/lib/ruby/gems/2.3.0/gems/actionpack-5.0.2/lib/action_dispatch/middleware/templates/rescues/_trace.html.erb (3.0ms)
  Rendered collection of D:/Ruby23/lib/ruby/gems/2.3.0/gems/actionpack-5.0.2/lib/action_dispatch/middleware/templates/routes/_route.html.erb [17 times] (4.7ms)
  Rendered D:/Ruby23/lib/ruby/gems/2.3.0/gems/actionpack-5.0.2/lib/action_dispatch/middleware/templates/routes/_table.html.erb (3.0ms)
  Rendering D:/Ruby23/lib/ruby/gems/2.3.0/gems/actionpack-5.0.2/lib/action_dispatch/middleware/templates/rescues/_request_and_response.html.erb
  Rendered D:/Ruby23/lib/ruby/gems/2.3.0/gems/actionpack-5.0.2/lib/action_dispatch/middleware/templates/rescues/_request_and_response.html.erb (1.5ms)
  Rendered D:/Ruby23/lib/ruby/gems/2.3.0/gems/actionpack-5.0.2/lib/action_dispatch/middleware/templates/rescues/routing_error.html.erb within rescues/layout (1197.4ms)
Started GET "/users/sign_in" for ::1 at 2017-04-04 15:05:12 +0800
Processing by Devise::SessionsController#new as HTML
  [1m[36mUser Load (2.5ms)[0m  [1m[34mSELECT  "users".* FROM "users" WHERE "users"."id" = ? ORDER BY "users"."id" ASC LIMIT ?[0m  [["id", 1], ["LIMIT", 1]]
Redirected to http://localhost:3000/
Filter chain halted as :require_no_authentication rendered or redirected
Completed 302 Found in 10ms (ActiveRecord: 2.5ms)


Started GET "/" for ::1 at 2017-04-04 15:05:13 +0800
Processing by Rails::WelcomeController#index as HTML
  Parameters: {"internal"=>true}
  Rendering D:/Ruby23/lib/ruby/gems/2.3.0/gems/railties-5.0.2/lib/rails/templates/rails/welcome/index.html.erb
  Rendered D:/Ruby23/lib/ruby/gems/2.3.0/gems/railties-5.0.2/lib/rails/templates/rails/welcome/index.html.erb (3.0ms)
Completed 200 OK in 71ms (Views: 33.0ms | ActiveRecord: 0.0ms)


Started GET "/users/sign_in" for ::1 at 2017-04-04 15:05:13 +0800
Processing by Devise::SessionsController#new as HTML
  [1m[36mUser Load (0.0ms)[0m  [1m[34mSELECT  "users".* FROM "users" WHERE "users"."id" = ? ORDER BY "users"."id" ASC LIMIT ?[0m  [["id", 1], ["LIMIT", 1]]
Redirected to http://localhost:3000/
Filter chain halted as :require_no_authentication rendered or redirected
Completed 302 Found in 4ms (ActiveRecord: 0.0ms)


Started GET "/" for ::1 at 2017-04-04 15:05:13 +0800
Processing by Rails::WelcomeController#index as HTML
  Parameters: {"internal"=>true}
  Rendering D:/Ruby23/lib/ruby/gems/2.3.0/gems/railties-5.0.2/lib/rails/templates/rails/welcome/index.html.erb
  Rendered D:/Ruby23/lib/ruby/gems/2.3.0/gems/railties-5.0.2/lib/rails/templates/rails/welcome/index.html.erb (2.5ms)
Completed 200 OK in 53ms (Views: 27.5ms | ActiveRecord: 0.0ms)


Started GET "/auth/dashboard" for ::1 at 2017-04-04 15:05:17 +0800
Processing by AuthController#dashboard as HTML
  [1m[36mUser Load (0.0ms)[0m  [1m[34mSELECT  "users".* FROM "users" WHERE "users"."id" = ? ORDER BY "users"."id" ASC LIMIT ?[0m  [["id", 1], ["LIMIT", 1]]
  Rendering auth/dashboard.html.erb within layouts/application
  Rendered auth/dashboard.html.erb within layouts/application (0.5ms)
Completed 200 OK in 125ms (Views: 105.7ms | ActiveRecord: 0.0ms)


Started DELETE "/users/sign_out" for ::1 at 2017-04-04 15:05:21 +0800
Processing by Devise::SessionsController#destroy as HTML
  Parameters: {"authenticity_token"=>"a+VPeWNa4D6V8aGX2F2h0UVCQ/CMCWHl7QE4hD9jcsTgSzvHHYmOYSMIEuLKZc9JsYMVCltTjNztGgS1k3Fjig=="}
  [1m[36mUser Load (0.0ms)[0m  [1m[34mSELECT  "users".* FROM "users" WHERE "users"."id" = ? ORDER BY "users"."id" ASC LIMIT ?[0m  [["id", 1], ["LIMIT", 1]]
  [1m[35m (0.0ms)[0m  [1m[36mbegin transaction[0m
  [1m[35m (0.0ms)[0m  [1m[36mcommit transaction[0m
Redirected to http://localhost:3000/
Completed 302 Found in 6ms (ActiveRecord: 0.0ms)


Started GET "/" for ::1 at 2017-04-04 15:05:21 +0800
Processing by Rails::WelcomeController#index as HTML
  Parameters: {"internal"=>true}
  Rendering D:/Ruby23/lib/ruby/gems/2.3.0/gems/railties-5.0.2/lib/rails/templates/rails/welcome/index.html.erb
  Rendered D:/Ruby23/lib/ruby/gems/2.3.0/gems/railties-5.0.2/lib/rails/templates/rails/welcome/index.html.erb (2.5ms)
Completed 200 OK in 54ms (Views: 27.1ms | ActiveRecord: 0.0ms)


Started GET "/users/sign_in" for ::1 at 2017-04-04 15:05:34 +0800
Processing by Devise::SessionsController#new as HTML
  Rendering D:/Ruby23/lib/ruby/gems/2.3.0/gems/devise-4.2.1/app/views/devise/sessions/new.html.erb within layouts/application
  Rendered D:/Ruby23/lib/ruby/gems/2.3.0/gems/devise-4.2.1/app/views/devise/shared/_links.html.erb (0.5ms)
  Rendered D:/Ruby23/lib/ruby/gems/2.3.0/gems/devise-4.2.1/app/views/devise/sessions/new.html.erb within layouts/application (44.6ms)
Completed 200 OK in 251ms (Views: 249.3ms | ActiveRecord: 0.0ms)


Started GET "/users/sign_in" for ::1 at 2017-04-04 15:06:11 +0800
Processing by Devise::SessionsController#new as HTML
  Rendering D:/Ruby23/lib/ruby/gems/2.3.0/gems/devise-4.2.1/app/views/devise/sessions/new.html.erb within layouts/application
  Rendered D:/Ruby23/lib/ruby/gems/2.3.0/gems/devise-4.2.1/app/views/devise/shared/_links.html.erb (2.0ms)
  Rendered D:/Ruby23/lib/ruby/gems/2.3.0/gems/devise-4.2.1/app/views/devise/sessions/new.html.erb within layouts/application (40.6ms)
Completed 200 OK in 219ms (Views: 210.4ms | ActiveRecord: 0.5ms)


Started GET "/" for ::1 at 2017-04-04 15:06:14 +0800
Processing by AuthController#dashboard as HTML
Completed 401 Unauthorized in 1ms (ActiveRecord: 0.0ms)


Started GET "/users/sign_in" for ::1 at 2017-04-04 15:06:14 +0800
Processing by Devise::SessionsController#new as HTML
  Rendering D:/Ruby23/lib/ruby/gems/2.3.0/gems/devise-4.2.1/app/views/devise/sessions/new.html.erb within layouts/application
  Rendered D:/Ruby23/lib/ruby/gems/2.3.0/gems/devise-4.2.1/app/views/devise/shared/_links.html.erb (1.0ms)
  Rendered D:/Ruby23/lib/ruby/gems/2.3.0/gems/devise-4.2.1/app/views/devise/sessions/new.html.erb within layouts/application (40.1ms)
Completed 200 OK in 205ms (Views: 203.6ms | ActiveRecord: 0.0ms)


Started GET "/users/sign_in" for ::1 at 2017-04-04 15:06:17 +0800
Processing by Devise::SessionsController#new as HTML
  Rendering D:/Ruby23/lib/ruby/gems/2.3.0/gems/devise-4.2.1/app/views/devise/sessions/new.html.erb within layouts/application
  Rendered D:/Ruby23/lib/ruby/gems/2.3.0/gems/devise-4.2.1/app/views/devise/shared/_links.html.erb (1.0ms)
  Rendered D:/Ruby23/lib/ruby/gems/2.3.0/gems/devise-4.2.1/app/views/devise/sessions/new.html.erb within layouts/application (43.1ms)
Completed 200 OK in 214ms (Views: 212.2ms | ActiveRecord: 0.0ms)


Started POST "/users/sign_in" for ::1 at 2017-04-04 15:06:21 +0800
Processing by Devise::SessionsController#create as HTML
  Parameters: {"utf8"=>"✓", "authenticity_token"=>"kMTQ9rKmmpjR8k/aAI5uI8i3tZ7Wj/d65QLltMGsDCFBpFeFE463/mNGcS7M3NflPB3bllIpNkcX+U45lbZfKg==", "user"=>{"email"=>"someemail@example.com", "password"=>"[FILTERED]", "remember_me"=>"0"}, "commit"=>"Log in"}
  [1m[36mUser Load (0.5ms)[0m  [1m[34mSELECT  "users".* FROM "users" WHERE "users"."email" = ? ORDER BY "users"."id" ASC LIMIT ?[0m  [["email", "someemail@example.com"], ["LIMIT", 1]]
  [1m[35m (0.0ms)[0m  [1m[36mbegin transaction[0m
  [1m[35mSQL (1.0ms)[0m  [1m[33mUPDATE "users" SET "current_sign_in_at" = ?, "last_sign_in_at" = ?, "sign_in_count" = ?, "updated_at" = ? WHERE "users"."id" = ?[0m  [["current_sign_in_at", 2017-04-04 07:06:21 UTC], ["last_sign_in_at", 2017-04-04 07:01:04 UTC], ["sign_in_count", 6], ["updated_at", 2017-04-04 07:06:21 UTC], ["id", 1]]
  [1m[35m (97.2ms)[0m  [1m[36mcommit transaction[0m
Redirected to http://localhost:3000/
Completed 302 Found in 368ms (ActiveRecord: 98.7ms)


Started GET "/" for ::1 at 2017-04-04 15:06:22 +0800
Processing by AuthController#dashboard as HTML
  [1m[36mUser Load (0.5ms)[0m  [1m[34mSELECT  "users".* FROM "users" WHERE "users"."id" = ? ORDER BY "users"."id" ASC LIMIT ?[0m  [["id", 1], ["LIMIT", 1]]
  Rendering auth/dashboard.html.erb within layouts/application
  Rendered auth/dashboard.html.erb within layouts/application (0.5ms)
Completed 200 OK in 140ms (Views: 120.4ms | ActiveRecord: 0.5ms)


Started GET "/" for ::1 at 2017-04-04 15:06:24 +0800
Processing by AuthController#dashboard as HTML
  [1m[36mUser Load (0.0ms)[0m  [1m[34mSELECT  "users".* FROM "users" WHERE "users"."id" = ? ORDER BY "users"."id" ASC LIMIT ?[0m  [["id", 1], ["LIMIT", 1]]
  Rendering auth/dashboard.html.erb within layouts/application
  Rendered auth/dashboard.html.erb within layouts/application (0.5ms)
Completed 200 OK in 133ms (Views: 114.3ms | ActiveRecord: 0.0ms)


Started GET "/users/sign_in" for ::1 at 2017-04-04 15:06:27 +0800
Processing by Devise::SessionsController#new as HTML
  [1m[36mUser Load (0.5ms)[0m  [1m[34mSELECT  "users".* FROM "users" WHERE "users"."id" = ? ORDER BY "users"."id" ASC LIMIT ?[0m  [["id", 1], ["LIMIT", 1]]
Redirected to http://localhost:3000/
Filter chain halted as :require_no_authentication rendered or redirected
Completed 302 Found in 5ms (ActiveRecord: 0.5ms)


Started DELETE "/users/sign_out" for ::1 at 2017-04-04 15:06:30 +0800
Processing by Devise::SessionsController#destroy as HTML
  Parameters: {"authenticity_token"=>"pFpJcSKy4863ydW1LKHofSwoLVsisNrXkPAKeUKiAvzRN82DMIB+bQDuSr39+jxOO3EWyJyFVBnyrB7KpGQwIQ=="}
  [1m[36mUser Load (0.5ms)[0m  [1m[34mSELECT  "users".* FROM "users" WHERE "users"."id" = ? ORDER BY "users"."id" ASC LIMIT ?[0m  [["id", 1], ["LIMIT", 1]]
  [1m[35m (0.0ms)[0m  [1m[36mbegin transaction[0m
  [1m[35m (0.0ms)[0m  [1m[36mcommit transaction[0m
Redirected to http://localhost:3000/
Completed 302 Found in 6ms (ActiveRecord: 0.5ms)


Started GET "/" for ::1 at 2017-04-04 15:06:30 +0800
Processing by AuthController#dashboard as HTML
Completed 401 Unauthorized in 0ms (ActiveRecord: 0.0ms)


Started GET "/users/sign_in" for ::1 at 2017-04-04 15:06:30 +0800
Processing by Devise::SessionsController#new as HTML
  Rendering D:/Ruby23/lib/ruby/gems/2.3.0/gems/devise-4.2.1/app/views/devise/sessions/new.html.erb within layouts/application
  Rendered D:/Ruby23/lib/ruby/gems/2.3.0/gems/devise-4.2.1/app/views/devise/shared/_links.html.erb (1.0ms)
  Rendered D:/Ruby23/lib/ruby/gems/2.3.0/gems/devise-4.2.1/app/views/devise/sessions/new.html.erb within layouts/application (40.6ms)
Completed 200 OK in 206ms (Views: 205.0ms | ActiveRecord: 0.0ms)


Started GET "/users/sign_in" for ::1 at 2017-04-06 10:47:11 +0800
  [1m[36mActiveRecord::SchemaMigration Load (0.0ms)[0m  [1m[34mSELECT "schema_migrations".* FROM "schema_migrations"[0m
Processing by Devise::SessionsController#new as HTML
  Rendering D:/Ruby23/lib/ruby/gems/2.3.0/gems/devise-4.2.1/app/views/devise/sessions/new.html.erb within layouts/application
  Rendered D:/Ruby23/lib/ruby/gems/2.3.0/gems/devise-4.2.1/app/views/devise/shared/_links.html.erb (1.0ms)
  Rendered D:/Ruby23/lib/ruby/gems/2.3.0/gems/devise-4.2.1/app/views/devise/sessions/new.html.erb within layouts/application (93.3ms)
Completed 200 OK in 933ms (Views: 902.1ms | ActiveRecord: 0.0ms)


Started POST "/users/sign_in" for ::1 at 2017-04-06 10:47:33 +0800
Processing by Devise::SessionsController#create as HTML
  Parameters: {"utf8"=>"✓", "authenticity_token"=>"5G2QV3NQkIqe69NzmzB+xlf88zDL9ZQNFlb26mAYj76LNJoz5BSXY4EgVMQ7Ie6ZJOGDdFa1WQb0uyTCtKkmUQ==", "user"=>{"email"=>"someemail@example.com", "password"=>"[FILTERED]", "remember_me"=>"0"}, "commit"=>"Log in"}
  [1m[36mUser Load (1.0ms)[0m  [1m[34mSELECT  "users".* FROM "users" WHERE "users"."email" = ? ORDER BY "users"."id" ASC LIMIT ?[0m  [["email", "someemail@example.com"], ["LIMIT", 1]]
  [1m[35m (0.0ms)[0m  [1m[36mbegin transaction[0m
  [1m[35mSQL (1.1ms)[0m  [1m[33mUPDATE "users" SET "current_sign_in_at" = ?, "last_sign_in_at" = ?, "sign_in_count" = ?, "updated_at" = ? WHERE "users"."id" = ?[0m  [["current_sign_in_at", 2017-04-06 02:47:33 UTC], ["last_sign_in_at", 2017-04-04 07:06:21 UTC], ["sign_in_count", 7], ["updated_at", 2017-04-06 02:47:33 UTC], ["id", 1]]
  [1m[35m (69.4ms)[0m  [1m[36mcommit transaction[0m
Redirected to http://localhost:3000/
Completed 302 Found in 590ms (ActiveRecord: 71.5ms)


Started GET "/" for ::1 at 2017-04-06 10:47:34 +0800
Processing by AuthController#dashboard as HTML
  [1m[36mUser Load (0.0ms)[0m  [1m[34mSELECT  "users".* FROM "users" WHERE "users"."id" = ? ORDER BY "users"."id" ASC LIMIT ?[0m  [["id", 1], ["LIMIT", 1]]
  Rendering auth/dashboard.html.erb within layouts/application
  Rendered auth/dashboard.html.erb within layouts/application (1.0ms)
Completed 200 OK in 141ms (Views: 118.0ms | ActiveRecord: 0.0ms)


